<?xml version="1.0" encoding="UTF-8"?>
<!-- Generated by org.testng.reporters.JUnitReportReporter -->
<testsuite hostname="LAPTOP-43EPU8GR" failures="0" tests="1" name="grid.GridTest" time="7.170" errors="0" timestamp="2021-04-14T02:31:02 EDT" skipped="0">
  <testcase classname="grid.GridTest" name="testgrid" time="7.170"/>
  <system-out/>
</testsuite> <!-- grid.GridTest -->
